D:\MYCODE\PECKER_FRAMEWORK\PECKER_SRC\DEBUG\PECKER_FRAMEWORK.EXE
D:\MYCODE\PECKER_FRAMEWORK\PECKER_SRC\DEBUG\PECKER_FRAMEWORK.PDB
D:\MYCODE\PECKER_FRAMEWORK\PECKER_SRC\DEBUG\PECKER_FRAMEWORK.XML
D:\MYCODE\PECKER_FRAMEWORK\PECKER_SRC\PECKER_FRAMEWORK\DEBUG\ARRAY_TEST.ASM
D:\MYCODE\PECKER_FRAMEWORK\PECKER_SRC\PECKER_FRAMEWORK\DEBUG\ARRAY_TEST.OBJ
D:\MYCODE\PECKER_FRAMEWORK\PECKER_SRC\PECKER_FRAMEWORK\DEBUG\ARRAY_TEST.XDC
D:\MYCODE\PECKER_FRAMEWORK\PECKER_SRC\PECKER_FRAMEWORK\DEBUG\AVL_TREE_CONTAINER_TEST.ASM
D:\MYCODE\PECKER_FRAMEWORK\PECKER_SRC\PECKER_FRAMEWORK\DEBUG\AVL_TREE_CONTAINER_TEST.OBJ
D:\MYCODE\PECKER_FRAMEWORK\PECKER_SRC\PECKER_FRAMEWORK\DEBUG\AVL_TREE_CONTAINER_TEST.XDC
D:\MYCODE\PECKER_FRAMEWORK\PECKER_SRC\PECKER_FRAMEWORK\DEBUG\BST_ITERATOR_TEST.ASM
D:\MYCODE\PECKER_FRAMEWORK\PECKER_SRC\PECKER_FRAMEWORK\DEBUG\BST_ITERATOR_TEST.OBJ
D:\MYCODE\PECKER_FRAMEWORK\PECKER_SRC\PECKER_FRAMEWORK\DEBUG\BST_ITERATOR_TEST.XDC
D:\MYCODE\PECKER_FRAMEWORK\PECKER_SRC\PECKER_FRAMEWORK\DEBUG\BTST_TREE_TEST.ASM
D:\MYCODE\PECKER_FRAMEWORK\PECKER_SRC\PECKER_FRAMEWORK\DEBUG\BTST_TREE_TEST.OBJ
D:\MYCODE\PECKER_FRAMEWORK\PECKER_SRC\PECKER_FRAMEWORK\DEBUG\BTST_TREE_TEST.XDC
D:\MYCODE\PECKER_FRAMEWORK\PECKER_SRC\PECKER_FRAMEWORK\DEBUG\LIST_TEST.ASM
D:\MYCODE\PECKER_FRAMEWORK\PECKER_SRC\PECKER_FRAMEWORK\DEBUG\LIST_TEST.OBJ
D:\MYCODE\PECKER_FRAMEWORK\PECKER_SRC\PECKER_FRAMEWORK\DEBUG\LIST_TEST.XDC
D:\MYCODE\PECKER_FRAMEWORK\PECKER_SRC\PECKER_FRAMEWORK\DEBUG\PECKER_BUFFER.ASM
D:\MYCODE\PECKER_FRAMEWORK\PECKER_SRC\PECKER_FRAMEWORK\DEBUG\PECKER_BUFFER.OBJ
D:\MYCODE\PECKER_FRAMEWORK\PECKER_SRC\PECKER_FRAMEWORK\DEBUG\PECKER_BUFFER.XDC
D:\MYCODE\PECKER_FRAMEWORK\PECKER_SRC\PECKER_FRAMEWORK\DEBUG\PECKER_BUFFER_GL.ASM
D:\MYCODE\PECKER_FRAMEWORK\PECKER_SRC\PECKER_FRAMEWORK\DEBUG\PECKER_BUFFER_GL.OBJ
D:\MYCODE\PECKER_FRAMEWORK\PECKER_SRC\PECKER_FRAMEWORK\DEBUG\PECKER_BUFFER_GL.XDC
D:\MYCODE\PECKER_FRAMEWORK\PECKER_SRC\PECKER_FRAMEWORK\DEBUG\PECKER_FILE_IO.ASM
D:\MYCODE\PECKER_FRAMEWORK\PECKER_SRC\PECKER_FRAMEWORK\DEBUG\PECKER_FILE_IO.OBJ
D:\MYCODE\PECKER_FRAMEWORK\PECKER_SRC\PECKER_FRAMEWORK\DEBUG\PECKER_FILE_IO.XDC
D:\MYCODE\PECKER_FRAMEWORK\PECKER_SRC\PECKER_FRAMEWORK\DEBUG\PECKER_FRAME_BUFFER_GL.ASM
D:\MYCODE\PECKER_FRAMEWORK\PECKER_SRC\PECKER_FRAMEWORK\DEBUG\PECKER_FRAME_BUFFER_GL.OBJ
D:\MYCODE\PECKER_FRAMEWORK\PECKER_SRC\PECKER_FRAMEWORK\DEBUG\PECKER_FRAME_BUFFER_GL.XDC
D:\MYCODE\PECKER_FRAMEWORK\PECKER_SRC\PECKER_FRAMEWORK\DEBUG\PECKER_FRAMEWORK.EXE.EMBED.MANIFEST
D:\MYCODE\PECKER_FRAMEWORK\PECKER_SRC\PECKER_FRAMEWORK\DEBUG\PECKER_FRAMEWORK.EXE.EMBED.MANIFEST.RES
D:\MYCODE\PECKER_FRAMEWORK\PECKER_SRC\PECKER_FRAMEWORK\DEBUG\PECKER_FRAMEWORK.EXE.INTERMEDIATE.MANIFEST
D:\MYCODE\PECKER_FRAMEWORK\PECKER_SRC\PECKER_FRAMEWORK\DEBUG\PECKER_MATRIX.ASM
D:\MYCODE\PECKER_FRAMEWORK\PECKER_SRC\PECKER_FRAMEWORK\DEBUG\PECKER_MATRIX.OBJ
D:\MYCODE\PECKER_FRAMEWORK\PECKER_SRC\PECKER_FRAMEWORK\DEBUG\PECKER_MATRIX.XDC
D:\MYCODE\PECKER_FRAMEWORK\PECKER_SRC\PECKER_FRAMEWORK\DEBUG\PECKER_OPENGLES_OBJECT.ASM
D:\MYCODE\PECKER_FRAMEWORK\PECKER_SRC\PECKER_FRAMEWORK\DEBUG\PECKER_OPENGLES_OBJECT.OBJ
D:\MYCODE\PECKER_FRAMEWORK\PECKER_SRC\PECKER_FRAMEWORK\DEBUG\PECKER_OPENGLES_OBJECT.XDC
D:\MYCODE\PECKER_FRAMEWORK\PECKER_SRC\PECKER_FRAMEWORK\DEBUG\PECKER_RENDER_APPLICATION.ASM
D:\MYCODE\PECKER_FRAMEWORK\PECKER_SRC\PECKER_FRAMEWORK\DEBUG\PECKER_RENDER_APPLICATION.OBJ
D:\MYCODE\PECKER_FRAMEWORK\PECKER_SRC\PECKER_FRAMEWORK\DEBUG\PECKER_RENDER_APPLICATION.XDC
D:\MYCODE\PECKER_FRAMEWORK\PECKER_SRC\PECKER_FRAMEWORK\DEBUG\PECKER_RENDER_BUFFER.ASM
D:\MYCODE\PECKER_FRAMEWORK\PECKER_SRC\PECKER_FRAMEWORK\DEBUG\PECKER_RENDER_BUFFER.OBJ
D:\MYCODE\PECKER_FRAMEWORK\PECKER_SRC\PECKER_FRAMEWORK\DEBUG\PECKER_RENDER_BUFFER.XDC
D:\MYCODE\PECKER_FRAMEWORK\PECKER_SRC\PECKER_FRAMEWORK\DEBUG\PECKER_RENDER_BUFFER_GL.ASM
D:\MYCODE\PECKER_FRAMEWORK\PECKER_SRC\PECKER_FRAMEWORK\DEBUG\PECKER_RENDER_BUFFER_GL.OBJ
D:\MYCODE\PECKER_FRAMEWORK\PECKER_SRC\PECKER_FRAMEWORK\DEBUG\PECKER_RENDER_BUFFER_GL.XDC
D:\MYCODE\PECKER_FRAMEWORK\PECKER_SRC\PECKER_FRAMEWORK\DEBUG\PECKER_RENDER_OBJECT.ASM
D:\MYCODE\PECKER_FRAMEWORK\PECKER_SRC\PECKER_FRAMEWORK\DEBUG\PECKER_RENDER_OBJECT.OBJ
D:\MYCODE\PECKER_FRAMEWORK\PECKER_SRC\PECKER_FRAMEWORK\DEBUG\PECKER_RENDER_OBJECT.XDC
D:\MYCODE\PECKER_FRAMEWORK\PECKER_SRC\PECKER_FRAMEWORK\DEBUG\PECKER_SHADER_PROGRAM_GLSLES1.ASM
D:\MYCODE\PECKER_FRAMEWORK\PECKER_SRC\PECKER_FRAMEWORK\DEBUG\PECKER_SHADER_PROGRAM_GLSLES1.OBJ
D:\MYCODE\PECKER_FRAMEWORK\PECKER_SRC\PECKER_FRAMEWORK\DEBUG\PECKER_SHADER_PROGRAM_GLSLES1.XDC
D:\MYCODE\PECKER_FRAMEWORK\PECKER_SRC\PECKER_FRAMEWORK\DEBUG\PECKER_STREAM.ASM
D:\MYCODE\PECKER_FRAMEWORK\PECKER_SRC\PECKER_FRAMEWORK\DEBUG\PECKER_STREAM.OBJ
D:\MYCODE\PECKER_FRAMEWORK\PECKER_SRC\PECKER_FRAMEWORK\DEBUG\PECKER_STREAM.XDC
D:\MYCODE\PECKER_FRAMEWORK\PECKER_SRC\PECKER_FRAMEWORK\DEBUG\PECKER_TEXTURE.ASM
D:\MYCODE\PECKER_FRAMEWORK\PECKER_SRC\PECKER_FRAMEWORK\DEBUG\PECKER_TEXTURE.OBJ
D:\MYCODE\PECKER_FRAMEWORK\PECKER_SRC\PECKER_FRAMEWORK\DEBUG\PECKER_TEXTURE.XDC
D:\MYCODE\PECKER_FRAMEWORK\PECKER_SRC\PECKER_FRAMEWORK\DEBUG\PECKER_TEXTURE_GL.ASM
D:\MYCODE\PECKER_FRAMEWORK\PECKER_SRC\PECKER_FRAMEWORK\DEBUG\PECKER_TEXTURE_GL.OBJ
D:\MYCODE\PECKER_FRAMEWORK\PECKER_SRC\PECKER_FRAMEWORK\DEBUG\PECKER_TEXTURE_GL.XDC
D:\MYCODE\PECKER_FRAMEWORK\PECKER_SRC\PECKER_FRAMEWORK\DEBUG\PECKER_THREAD.ASM
D:\MYCODE\PECKER_FRAMEWORK\PECKER_SRC\PECKER_FRAMEWORK\DEBUG\PECKER_THREAD.OBJ
D:\MYCODE\PECKER_FRAMEWORK\PECKER_SRC\PECKER_FRAMEWORK\DEBUG\PECKER_THREAD.XDC
D:\MYCODE\PECKER_FRAMEWORK\PECKER_SRC\PECKER_FRAMEWORK\DEBUG\PECKER_TICK.ASM
D:\MYCODE\PECKER_FRAMEWORK\PECKER_SRC\PECKER_FRAMEWORK\DEBUG\PECKER_TICK.OBJ
D:\MYCODE\PECKER_FRAMEWORK\PECKER_SRC\PECKER_FRAMEWORK\DEBUG\PECKER_TICK.XDC
D:\MYCODE\PECKER_FRAMEWORK\PECKER_SRC\PECKER_FRAMEWORK\DEBUG\PECKER_VECTOR.ASM
D:\MYCODE\PECKER_FRAMEWORK\PECKER_SRC\PECKER_FRAMEWORK\DEBUG\PECKER_VECTOR.OBJ
D:\MYCODE\PECKER_FRAMEWORK\PECKER_SRC\PECKER_FRAMEWORK\DEBUG\PECKER_VECTOR.XDC
D:\MYCODE\PECKER_FRAMEWORK\PECKER_SRC\PECKER_FRAMEWORK\DEBUG\PECKER_WINDOW.ASM
D:\MYCODE\PECKER_FRAMEWORK\PECKER_SRC\PECKER_FRAMEWORK\DEBUG\PECKER_WINDOW.OBJ
D:\MYCODE\PECKER_FRAMEWORK\PECKER_SRC\PECKER_FRAMEWORK\DEBUG\PECKER_WINDOW.XDC
D:\MYCODE\PECKER_FRAMEWORK\PECKER_SRC\PECKER_FRAMEWORK\DEBUG\PECKEROBJECT.ASM
D:\MYCODE\PECKER_FRAMEWORK\PECKER_SRC\PECKER_FRAMEWORK\DEBUG\PECKEROBJECT.OBJ
D:\MYCODE\PECKER_FRAMEWORK\PECKER_SRC\PECKER_FRAMEWORK\DEBUG\PECKEROBJECT.XDC
D:\MYCODE\PECKER_FRAMEWORK\PECKER_SRC\PECKER_FRAMEWORK\DEBUG\SHARE_STRING_TEST.ASM
D:\MYCODE\PECKER_FRAMEWORK\PECKER_SRC\PECKER_FRAMEWORK\DEBUG\SHARE_STRING_TEST.OBJ
D:\MYCODE\PECKER_FRAMEWORK\PECKER_SRC\PECKER_FRAMEWORK\DEBUG\SHARE_STRING_TEST.XDC
D:\MYCODE\PECKER_FRAMEWORK\PECKER_SRC\PECKER_FRAMEWORK\DEBUG\TEST_MAIN.ASM
D:\MYCODE\PECKER_FRAMEWORK\PECKER_SRC\PECKER_FRAMEWORK\DEBUG\TEST_MAIN.OBJ
D:\MYCODE\PECKER_FRAMEWORK\PECKER_SRC\PECKER_FRAMEWORK\DEBUG\TEST_MAIN.XDC
D:\MYCODE\PECKER_FRAMEWORK\PECKER_SRC\PECKER_FRAMEWORK\DEBUG\THREAD_TEST.ASM
D:\MYCODE\PECKER_FRAMEWORK\PECKER_SRC\PECKER_FRAMEWORK\DEBUG\THREAD_TEST.OBJ
D:\MYCODE\PECKER_FRAMEWORK\PECKER_SRC\PECKER_FRAMEWORK\DEBUG\THREAD_TEST.XDC
D:\MYCODE\PECKER_FRAMEWORK\PECKER_SRC\PECKER_FRAMEWORK\DEBUG\VC100.PDB
D:\MYCODE\PECKER_FRAMEWORK\PECKER_SRC\PECKER_FRAMEWORK\DEBUG\VERTEX_INDEX_TEST.ASM
D:\MYCODE\PECKER_FRAMEWORK\PECKER_SRC\PECKER_FRAMEWORK\DEBUG\VERTEX_INDEX_TEST.OBJ
D:\MYCODE\PECKER_FRAMEWORK\PECKER_SRC\PECKER_FRAMEWORK\DEBUG\VERTEX_INDEX_TEST.XDC
D:\MYCODE\PECKER_FRAMEWORK\PECKER_SRC\PECKER_FRAMEWORK\DEBUG\WINDOW_TEST.ASM
D:\MYCODE\PECKER_FRAMEWORK\PECKER_SRC\PECKER_FRAMEWORK\DEBUG\WINDOW_TEST.OBJ
D:\MYCODE\PECKER_FRAMEWORK\PECKER_SRC\PECKER_FRAMEWORK\DEBUG\WINDOW_TEST.XDC
F:\codes\pecker_framework_git\pecker_src\Debug\pecker_framework.exe
F:\codes\pecker_framework_git\pecker_src\Debug\pecker_framework.pdb
F:\codes\pecker_framework_git\pecker_src\pecker_framework\Debug\array_test.obj
F:\codes\pecker_framework_git\pecker_src\pecker_framework\Debug\array_test.xdc
F:\codes\pecker_framework_git\pecker_src\pecker_framework\Debug\avl_tree_container_test.obj
F:\codes\pecker_framework_git\pecker_src\pecker_framework\Debug\avl_tree_container_test.xdc
F:\codes\pecker_framework_git\pecker_src\pecker_framework\Debug\bst_iterator_test.obj
F:\codes\pecker_framework_git\pecker_src\pecker_framework\Debug\bst_iterator_test.xdc
F:\codes\pecker_framework_git\pecker_src\pecker_framework\Debug\btst_tree_test.obj
F:\codes\pecker_framework_git\pecker_src\pecker_framework\Debug\btst_tree_test.xdc
F:\codes\pecker_framework_git\pecker_src\pecker_framework\Debug\cl.command.1.tlog
F:\codes\pecker_framework_git\pecker_src\pecker_framework\Debug\CL.read.1.tlog
F:\codes\pecker_framework_git\pecker_src\pecker_framework\Debug\CL.write.1.tlog
F:\codes\pecker_framework_git\pecker_src\pecker_framework\Debug\link.command.1.tlog
F:\codes\pecker_framework_git\pecker_src\pecker_framework\Debug\link.read.1.tlog
F:\codes\pecker_framework_git\pecker_src\pecker_framework\Debug\link.write.1.tlog
F:\codes\pecker_framework_git\pecker_src\pecker_framework\Debug\link-cvtres.read.1.tlog
F:\codes\pecker_framework_git\pecker_src\pecker_framework\Debug\link-cvtres.write.1.tlog
F:\codes\pecker_framework_git\pecker_src\pecker_framework\Debug\list_test.obj
F:\codes\pecker_framework_git\pecker_src\pecker_framework\Debug\list_test.xdc
F:\codes\pecker_framework_git\pecker_src\pecker_framework\Debug\mt.command.1.tlog
F:\codes\pecker_framework_git\pecker_src\pecker_framework\Debug\mt.read.1.tlog
F:\codes\pecker_framework_git\pecker_src\pecker_framework\Debug\mt.write.1.tlog
F:\codes\pecker_framework_git\pecker_src\pecker_framework\Debug\pecker_buffer.obj
F:\codes\pecker_framework_git\pecker_src\pecker_framework\Debug\pecker_buffer.xdc
F:\codes\pecker_framework_git\pecker_src\pecker_framework\Debug\pecker_buffer_gl.obj
F:\codes\pecker_framework_git\pecker_src\pecker_framework\Debug\pecker_buffer_gl.xdc
F:\codes\pecker_framework_git\pecker_src\pecker_framework\Debug\pecker_file_io.obj
F:\codes\pecker_framework_git\pecker_src\pecker_framework\Debug\pecker_file_io.xdc
F:\codes\pecker_framework_git\pecker_src\pecker_framework\Debug\pecker_frame_buffer_gl.obj
F:\codes\pecker_framework_git\pecker_src\pecker_framework\Debug\pecker_frame_buffer_gl.xdc
F:\codes\pecker_framework_git\pecker_src\pecker_framework\Debug\pecker_framework.exe.embed.manifest
F:\codes\pecker_framework_git\pecker_src\pecker_framework\Debug\pecker_framework.exe.embed.manifest.res
F:\codes\pecker_framework_git\pecker_src\pecker_framework\Debug\pecker_framework.exe.intermediate.manifest
F:\codes\pecker_framework_git\pecker_src\pecker_framework\Debug\pecker_framework_manifest.rc
F:\codes\pecker_framework_git\pecker_src\pecker_framework\Debug\pecker_matrix.obj
F:\codes\pecker_framework_git\pecker_src\pecker_framework\Debug\pecker_matrix.xdc
F:\codes\pecker_framework_git\pecker_src\pecker_framework\Debug\pecker_opengles_object.obj
F:\codes\pecker_framework_git\pecker_src\pecker_framework\Debug\pecker_opengles_object.xdc
F:\codes\pecker_framework_git\pecker_src\pecker_framework\Debug\pecker_render_application.obj
F:\codes\pecker_framework_git\pecker_src\pecker_framework\Debug\pecker_render_application.xdc
F:\codes\pecker_framework_git\pecker_src\pecker_framework\Debug\pecker_render_buffer.obj
F:\codes\pecker_framework_git\pecker_src\pecker_framework\Debug\pecker_render_buffer.xdc
F:\codes\pecker_framework_git\pecker_src\pecker_framework\Debug\pecker_render_buffer_gl.obj
F:\codes\pecker_framework_git\pecker_src\pecker_framework\Debug\pecker_render_buffer_gl.xdc
F:\codes\pecker_framework_git\pecker_src\pecker_framework\Debug\pecker_render_object.obj
F:\codes\pecker_framework_git\pecker_src\pecker_framework\Debug\pecker_render_object.xdc
F:\codes\pecker_framework_git\pecker_src\pecker_framework\Debug\pecker_shader_program_glsles1.obj
F:\codes\pecker_framework_git\pecker_src\pecker_framework\Debug\pecker_shader_program_glsles1.xdc
F:\codes\pecker_framework_git\pecker_src\pecker_framework\Debug\pecker_stream.obj
F:\codes\pecker_framework_git\pecker_src\pecker_framework\Debug\pecker_stream.xdc
F:\codes\pecker_framework_git\pecker_src\pecker_framework\Debug\pecker_texture.obj
F:\codes\pecker_framework_git\pecker_src\pecker_framework\Debug\pecker_texture.xdc
F:\codes\pecker_framework_git\pecker_src\pecker_framework\Debug\pecker_texture_gl.obj
F:\codes\pecker_framework_git\pecker_src\pecker_framework\Debug\pecker_texture_gl.xdc
F:\codes\pecker_framework_git\pecker_src\pecker_framework\Debug\pecker_thread.obj
F:\codes\pecker_framework_git\pecker_src\pecker_framework\Debug\pecker_thread.xdc
F:\codes\pecker_framework_git\pecker_src\pecker_framework\Debug\pecker_tick.obj
F:\codes\pecker_framework_git\pecker_src\pecker_framework\Debug\pecker_tick.xdc
F:\codes\pecker_framework_git\pecker_src\pecker_framework\Debug\pecker_vector.obj
F:\codes\pecker_framework_git\pecker_src\pecker_framework\Debug\pecker_vector.xdc
F:\codes\pecker_framework_git\pecker_src\pecker_framework\Debug\pecker_window.obj
F:\codes\pecker_framework_git\pecker_src\pecker_framework\Debug\pecker_window.xdc
F:\codes\pecker_framework_git\pecker_src\pecker_framework\Debug\PeckerObject.obj
F:\codes\pecker_framework_git\pecker_src\pecker_framework\Debug\PeckerObject.xdc
F:\codes\pecker_framework_git\pecker_src\pecker_framework\Debug\rc.command.1.tlog
F:\codes\pecker_framework_git\pecker_src\pecker_framework\Debug\rc.read.1.tlog
F:\codes\pecker_framework_git\pecker_src\pecker_framework\Debug\rc.write.1.tlog
F:\codes\pecker_framework_git\pecker_src\pecker_framework\Debug\share_string_test.obj
F:\codes\pecker_framework_git\pecker_src\pecker_framework\Debug\share_string_test.xdc
F:\codes\pecker_framework_git\pecker_src\pecker_framework\Debug\test_main.obj
F:\codes\pecker_framework_git\pecker_src\pecker_framework\Debug\test_main.xdc
F:\codes\pecker_framework_git\pecker_src\pecker_framework\Debug\thread_test.obj
F:\codes\pecker_framework_git\pecker_src\pecker_framework\Debug\thread_test.xdc
F:\codes\pecker_framework_git\pecker_src\pecker_framework\Debug\vc100.idb
F:\codes\pecker_framework_git\pecker_src\pecker_framework\Debug\vc100.pdb
F:\codes\pecker_framework_git\pecker_src\pecker_framework\Debug\vertex_index_test.obj
F:\codes\pecker_framework_git\pecker_src\pecker_framework\Debug\vertex_index_test.xdc
F:\codes\pecker_framework_git\pecker_src\pecker_framework\Debug\window_test.obj
F:\codes\pecker_framework_git\pecker_src\pecker_framework\Debug\window_test.xdc
F:\codes\pecker_framework_git\pecker_src\pecker_framework\Debug\XDCMake.command.1.tlog
F:\codes\pecker_framework_git\pecker_src\pecker_framework\Debug\xdcmake.read.1.tlog
F:\codes\pecker_framework_git\pecker_src\pecker_framework\Debug\xdcmake.write.1.tlog
