  adler32.c
  compress.c
  crc32.c
  deflate.c
  infback.c
  inffast.c
  inflate.c
  inftrees.c
  trees.c
  uncompr.c
  zutil.c
LINK : warning LNK4075: ignoring '/INCREMENTAL' due to '/OPT:ICF' specification
  adler32.obj : MSIL .netmodule or module compiled with /GL found; restarting link with /LTCG; add /LTCG to the link command line to improve linker performance
LINK : warning LNK4075: ignoring '/INCREMENTAL' due to '/LTCG' specification
     Creating library ..\..\..\bin\zlib.lib and object ..\..\..\bin\zlib.exp
  Generating code
  Finished generating code
LINK : warning LNK4075: ignoring '/INCREMENTAL' due to '/OPT:ICF' specification
  adler32.obj : MSIL .netmodule or module compiled with /GL found; restarting link with /LTCG; add /LTCG to the link command line to improve linker performance
LINK : warning LNK4075: ignoring '/INCREMENTAL' due to '/LTCG' specification
     Creating library ..\..\..\bin\zlib.lib and object ..\..\..\bin\zlib.exp
  Generating code
  Finished generating code
  zlib.vcxproj -> C:\codes\git\pecker_framework\pecker_framework_c\pecker_src\depends_lib\libpng-1.6.2\projects\vstudio\zlib\..\..\..\bin\zlib.dll
